[2019-07-31 23:29:49] INFO  McApplication 36 main - 接口服务启动
[2019-07-31 23:29:50] INFO  org.springframework.boot.StartupInfoLogger 50 logStarting - Starting McApplication on mr_zhe with PID 1676 (F:\homework\dev_project\fast\fast-spring-boot2\fast-boot\mc-mvc\target\classes started by zhaoz in F:\homework\dev_project\fast\fast-spring-boot2\fast-boot)
[2019-07-31 23:29:50] INFO  org.springframework.boot.SpringApplication 663 logStartupProfileInfo - The following profiles are active: dev
[2019-07-31 23:29:50] INFO  org.springframework.context.support.AbstractApplicationContext 590 prepareRefresh - Refreshing org.springframework.boot.web.servlet.context.AnnotationConfigServletWebServerApplicationContext@b672aa8: startup date [Wed Jul 31 23:29:50 CST 2019]; root of context hierarchy
[2019-07-31 23:29:52] INFO  org.springframework.context.support.PostProcessorRegistrationDelegate$BeanPostProcessorChecker 328 postProcessAfterInitialization - Bean 'org.springframework.transaction.annotation.ProxyTransactionManagementConfiguration' of type [org.springframework.transaction.annotation.ProxyTransactionManagementConfiguration$$EnhancerBySpringCGLIB$$a7712ee6] is not eligible for getting processed by all BeanPostProcessors (for example: not eligible for auto-proxying)
[2019-07-31 23:29:53] INFO  org.springframework.context.support.PostProcessorRegistrationDelegate$BeanPostProcessorChecker 328 postProcessAfterInitialization - Bean 'org.springframework.cache.annotation.ProxyCachingConfiguration' of type [org.springframework.cache.annotation.ProxyCachingConfiguration$$EnhancerBySpringCGLIB$$f0836504] is not eligible for getting processed by all BeanPostProcessors (for example: not eligible for auto-proxying)
[2019-07-31 23:29:53] INFO  org.springframework.context.support.PostProcessorRegistrationDelegate$BeanPostProcessorChecker 328 postProcessAfterInitialization - Bean 'org.springframework.boot.autoconfigure.cache.CacheAutoConfiguration' of type [org.springframework.boot.autoconfigure.cache.CacheAutoConfiguration$$EnhancerBySpringCGLIB$$e4f729a8] is not eligible for getting processed by all BeanPostProcessors (for example: not eligible for auto-proxying)
[2019-07-31 23:29:53] INFO  org.springframework.context.support.PostProcessorRegistrationDelegate$BeanPostProcessorChecker 328 postProcessAfterInitialization - Bean 'org.springframework.boot.context.properties.ConversionServiceDeducer$Factory' of type [org.springframework.boot.context.properties.ConversionServiceDeducer$Factory] is not eligible for getting processed by all BeanPostProcessors (for example: not eligible for auto-proxying)
[2019-07-31 23:29:53] INFO  org.springframework.context.support.PostProcessorRegistrationDelegate$BeanPostProcessorChecker 328 postProcessAfterInitialization - Bean 'spring.cache-org.springframework.boot.autoconfigure.cache.CacheProperties' of type [org.springframework.boot.autoconfigure.cache.CacheProperties] is not eligible for getting processed by all BeanPostProcessors (for example: not eligible for auto-proxying)
[2019-07-31 23:29:53] INFO  org.springframework.context.support.PostProcessorRegistrationDelegate$BeanPostProcessorChecker 328 postProcessAfterInitialization - Bean 'cacheManagerCustomizers' of type [org.springframework.boot.autoconfigure.cache.CacheManagerCustomizers] is not eligible for getting processed by all BeanPostProcessors (for example: not eligible for auto-proxying)
[2019-07-31 23:29:53] INFO  org.springframework.context.support.PostProcessorRegistrationDelegate$BeanPostProcessorChecker 328 postProcessAfterInitialization - Bean 'org.springframework.boot.autoconfigure.cache.CaffeineCacheConfiguration' of type [org.springframework.boot.autoconfigure.cache.CaffeineCacheConfiguration$$EnhancerBySpringCGLIB$$16bdc2f0] is not eligible for getting processed by all BeanPostProcessors (for example: not eligible for auto-proxying)
[2019-07-31 23:29:53] INFO  org.springframework.context.support.PostProcessorRegistrationDelegate$BeanPostProcessorChecker 328 postProcessAfterInitialization - Bean 'cacheManager' of type [org.springframework.cache.caffeine.CaffeineCacheManager] is not eligible for getting processed by all BeanPostProcessors (for example: not eligible for auto-proxying)
[2019-07-31 23:29:53] INFO  org.springframework.context.support.PostProcessorRegistrationDelegate$BeanPostProcessorChecker 328 postProcessAfterInitialization - Bean 'cacheAutoConfigurationValidator' of type [org.springframework.boot.autoconfigure.cache.CacheAutoConfiguration$CacheManagerValidator] is not eligible for getting processed by all BeanPostProcessors (for example: not eligible for auto-proxying)
[2019-07-31 23:29:54] INFO  org.springframework.boot.web.embedded.tomcat.TomcatWebServer 91 initialize - Tomcat initialized with port(s): 8000 (http)
[2019-07-31 23:29:54] INFO  org.apache.juli.logging.DirectJDKLog 180 log - Starting service [Tomcat]
[2019-07-31 23:29:54] INFO  org.apache.juli.logging.DirectJDKLog 180 log - Starting Servlet Engine: Apache Tomcat/8.5.29
[2019-07-31 23:29:54] INFO  org.apache.juli.logging.DirectJDKLog 180 log - The APR based Apache Tomcat Native library which allows optimal performance in production environments was not found on the java.library.path: [D:\dev\Java\jdk\bin;C:\WINDOWS\Sun\Java\bin;C:\WINDOWS\system32;C:\WINDOWS;C:\ProgramData\Oracle\Java\javapath;C:\Program Files (x86)\Intel\iCLS Client\;C:\Program Files\Intel\iCLS Client\;C:\Windows\system32;C:\Windows;C:\Windows\System32\Wbem;C:\Windows\System32\WindowsPowerShell\v1.0\;C:\Program Files (x86)\Intel\Intel(R) Management Engine Components\DAL;C:\Program Files\Intel\Intel(R) Management Engine Components\DAL;C:\Program Files (x86)\Intel\Intel(R) Management Engine Components\IPT;C:\Program Files\Intel\Intel(R) Management Engine Components\IPT;C:\Program Files (x86)\NVIDIA Corporation\PhysX\Common;C:\WINDOWS\system32;C:\WINDOWS;C:\WINDOWS\System32\Wbem;C:\WINDOWS\System32\WindowsPowerShell\v1.0\;D:\dev\mysql\bin;D:\dev\maven\bin;D:\开发\TortoiseSVN\bin;D:\开发\TortoiseGit\bin;D:\dev\web\nodejs\;C:\WINDOWS\System32\OpenSSH\;C:\Program Files\Intel\WiFi\bin\;C:\Program Files\Common Files\Intel\WirelessCommon\;D:\dev\Java\jdk\bin;;D:\开发\web\Microsoft VS Code\bin;C:\Users\zhaoz\AppData\Local\Microsoft\WindowsApps;C:\Users\zhaoz\AppData\Roaming\npm;.]
[2019-07-31 23:29:54] INFO  org.apache.juli.logging.DirectJDKLog 180 log - Initializing Spring embedded WebApplicationContext
[2019-07-31 23:29:54] INFO  org.springframework.boot.web.servlet.context.ServletWebServerApplicationContext 285 prepareWebApplicationContext - Root WebApplicationContext: initialization completed in 3650 ms
[2019-07-31 23:29:54] INFO  org.springframework.boot.web.servlet.ServletRegistrationBean 185 addRegistration - Servlet statViewServlet mapped to [/druid/*]
[2019-07-31 23:29:54] INFO  org.springframework.boot.web.servlet.ServletRegistrationBean 185 addRegistration - Servlet dispatcherServlet mapped to [/]
[2019-07-31 23:29:54] INFO  org.springframework.boot.web.servlet.ServletRegistrationBean 185 addRegistration - Servlet statViewServlet mapped to [/druid/*]
[2019-07-31 23:29:54] INFO  org.springframework.boot.web.servlet.DynamicRegistrationBean 111 register - Servlet statViewServlet was not registered (possibly already registered?)
[2019-07-31 23:29:54] INFO  org.springframework.boot.web.servlet.AbstractFilterRegistrationBean 244 configure - Mapping filter: 'characterEncodingFilter' to: [/*]
[2019-07-31 23:29:54] INFO  org.springframework.boot.web.servlet.AbstractFilterRegistrationBean 244 configure - Mapping filter: 'hiddenHttpMethodFilter' to: [/*]
[2019-07-31 23:29:54] INFO  org.springframework.boot.web.servlet.AbstractFilterRegistrationBean 244 configure - Mapping filter: 'httpPutFormContentFilter' to: [/*]
[2019-07-31 23:29:54] INFO  org.springframework.boot.web.servlet.AbstractFilterRegistrationBean 244 configure - Mapping filter: 'requestContextFilter' to: [/*]
[2019-07-31 23:29:54] INFO  org.springframework.boot.web.servlet.AbstractFilterRegistrationBean 257 configure - Mapping filter: 'webStatFilter' to urls: [/*]
[2019-07-31 23:29:54] INFO  org.springframework.boot.web.servlet.DynamicRegistrationBean 111 register - Filter webStatFilter was not registered (possibly already registered?)
[2019-07-31 23:29:55] INFO  com.alibaba.druid.spring.boot.autoconfigure.DruidDataSourceAutoConfigure 56 dataSource - Init DruidDataSource
[2019-07-31 23:29:56] INFO  com.alibaba.druid.pool.DruidDataSource 928 init - {dataSource-1} inited
[2019-07-31 23:29:57] INFO  org.springframework.web.servlet.handler.AbstractHandlerMethodMapping$MappingRegistry 547 register - Mapped "{[/hello/login],methods=[GET]}" onto public ResponseResult HelloController.login() throws java.lang.Exception
[2019-07-31 23:29:57] INFO  org.springframework.web.servlet.handler.AbstractHandlerMethodMapping$MappingRegistry 547 register - Mapped "{[/login/in],methods=[POST]}" onto public ResponseResult LoginController.in(java.lang.String,java.lang.String)
[2019-07-31 23:29:57] INFO  org.springframework.web.servlet.handler.AbstractHandlerMethodMapping$MappingRegistry 547 register - Mapped "{[/region/provinces/getProvincesByCountryId],methods=[GET]}" onto public ResponseResult BaseProvincesController.getProvincesByCountryId(java.lang.String) throws java.lang.Exception
[2019-07-31 23:29:57] INFO  org.springframework.web.servlet.handler.AbstractHandlerMethodMapping$MappingRegistry 547 register - Mapped "{[/swagger-resources/configuration/ui]}" onto public org.springframework.http.ResponseEntity<springfox.documentation.swagger.web.UiConfiguration> springfox.documentation.swagger.web.ApiResourceController.uiConfiguration()
[2019-07-31 23:29:57] INFO  org.springframework.web.servlet.handler.AbstractHandlerMethodMapping$MappingRegistry 547 register - Mapped "{[/swagger-resources]}" onto public org.springframework.http.ResponseEntity<java.util.List<springfox.documentation.swagger.web.SwaggerResource>> springfox.documentation.swagger.web.ApiResourceController.swaggerResources()
[2019-07-31 23:29:57] INFO  org.springframework.web.servlet.handler.AbstractHandlerMethodMapping$MappingRegistry 547 register - Mapped "{[/swagger-resources/configuration/security]}" onto public org.springframework.http.ResponseEntity<springfox.documentation.swagger.web.SecurityConfiguration> springfox.documentation.swagger.web.ApiResourceController.securityConfiguration()
[2019-07-31 23:29:57] INFO  org.springframework.web.servlet.handler.AbstractHandlerMethodMapping$MappingRegistry 547 register - Mapped "{[/error]}" onto public org.springframework.http.ResponseEntity<java.util.Map<java.lang.String, java.lang.Object>> org.springframework.boot.autoconfigure.web.servlet.error.BasicErrorController.error(javax.servlet.http.HttpServletRequest)
[2019-07-31 23:29:57] INFO  org.springframework.web.servlet.handler.AbstractHandlerMethodMapping$MappingRegistry 547 register - Mapped "{[/error],produces=[text/html]}" onto public org.springframework.web.servlet.ModelAndView org.springframework.boot.autoconfigure.web.servlet.error.BasicErrorController.errorHtml(javax.servlet.http.HttpServletRequest,javax.servlet.http.HttpServletResponse)
[2019-07-31 23:29:57] INFO  springfox.documentation.spring.web.PropertySourcedRequestMappingHandlerMapping 69 initHandlerMethods - Mapped URL path [/v2/api-docs] onto method [public org.springframework.http.ResponseEntity<springfox.documentation.spring.web.json.Json> springfox.documentation.swagger2.web.Swagger2Controller.getDocumentation(java.lang.String,javax.servlet.http.HttpServletRequest)]
[2019-07-31 23:29:58] INFO  org.springframework.web.servlet.mvc.method.annotation.RequestMappingHandlerAdapter 574 initControllerAdviceCache - Looking for @ControllerAdvice: org.springframework.boot.web.servlet.context.AnnotationConfigServletWebServerApplicationContext@b672aa8: startup date [Wed Jul 31 23:29:50 CST 2019]; root of context hierarchy
[2019-07-31 23:29:58] INFO  org.springframework.web.servlet.handler.AbstractUrlHandlerMapping 373 registerHandler - Mapped URL path [/webjars/**] onto handler of type [class org.springframework.web.servlet.resource.ResourceHttpRequestHandler]
[2019-07-31 23:29:58] INFO  org.springframework.web.servlet.handler.AbstractUrlHandlerMapping 373 registerHandler - Mapped URL path [/**] onto handler of type [class org.springframework.web.servlet.resource.ResourceHttpRequestHandler]
[2019-07-31 23:29:58] INFO  org.springframework.web.servlet.handler.AbstractUrlHandlerMapping 373 registerHandler - Mapped URL path [/doc.html] onto handler of type [class org.springframework.web.servlet.resource.ResourceHttpRequestHandler]
[2019-07-31 23:29:58] INFO  org.springframework.web.servlet.mvc.method.annotation.ExceptionHandlerExceptionResolver 288 initExceptionHandlerAdviceCache - Detected @ExceptionHandler methods in myExceptionUtil
[2019-07-31 23:29:58] INFO  org.springframework.ui.freemarker.SpringTemplateLoader 62 <init> - SpringTemplateLoader for FreeMarker: using resource loader [org.springframework.boot.web.servlet.context.AnnotationConfigServletWebServerApplicationContext@b672aa8: startup date [Wed Jul 31 23:29:50 CST 2019]; root of context hierarchy] and template loader path [classpath:/templates/]
[2019-07-31 23:29:58] INFO  org.springframework.web.servlet.view.freemarker.FreeMarkerConfigurer 131 postProcessTemplateLoaders - ClassTemplateLoader for Spring macros added to FreeMarker configuration
[2019-07-31 23:29:58] INFO  org.springframework.jmx.export.MBeanExporter 433 afterSingletonsInstantiated - Registering beans for JMX exposure on startup
[2019-07-31 23:29:58] INFO  org.springframework.jmx.export.MBeanExporter 895 autodetect - Bean with name 'statFilter' has been autodetected for JMX exposure
[2019-07-31 23:29:58] INFO  org.springframework.jmx.export.MBeanExporter 895 autodetect - Bean with name 'slf4jLogFilter' has been autodetected for JMX exposure
[2019-07-31 23:29:58] INFO  org.springframework.jmx.export.MBeanExporter 895 autodetect - Bean with name 'wallConfig' has been autodetected for JMX exposure
[2019-07-31 23:29:58] INFO  org.springframework.jmx.export.MBeanExporter 895 autodetect - Bean with name 'wallFilter' has been autodetected for JMX exposure
[2019-07-31 23:29:58] INFO  org.springframework.jmx.export.MBeanExporter 895 autodetect - Bean with name 'dataSource' has been autodetected for JMX exposure
[2019-07-31 23:29:58] INFO  org.springframework.jmx.export.MBeanExporter 668 registerBeanInstance - Located MBean 'slf4jLogFilter': registering with JMX server as MBean [com.alibaba.druid.filter.logging:name=slf4jLogFilter,type=Slf4jLogFilter]
[2019-07-31 23:29:58] INFO  org.springframework.jmx.export.MBeanExporter 668 registerBeanInstance - Located MBean 'wallConfig': registering with JMX server as MBean [com.alibaba.druid.wall:name=wallConfig,type=WallConfig]
[2019-07-31 23:29:58] INFO  org.springframework.jmx.export.MBeanExporter 668 registerBeanInstance - Located MBean 'wallFilter': registering with JMX server as MBean [com.alibaba.druid.wall:name=wallFilter,type=WallFilter]
[2019-07-31 23:29:58] INFO  org.springframework.jmx.export.MBeanExporter 668 registerBeanInstance - Located MBean 'dataSource': registering with JMX server as MBean [com.alibaba.druid.spring.boot.autoconfigure:name=dataSource,type=DruidDataSourceWrapper]
[2019-07-31 23:29:58] INFO  org.springframework.jmx.export.MBeanExporter 668 registerBeanInstance - Located MBean 'statFilter': registering with JMX server as MBean [com.alibaba.druid.filter.stat:name=statFilter,type=StatFilter]
[2019-07-31 23:29:58] INFO  org.springframework.context.support.DefaultLifecycleProcessor$LifecycleGroup 351 start - Starting beans in phase 2147483647
[2019-07-31 23:29:58] INFO  springfox.documentation.spring.web.plugins.DocumentationPluginsBootstrapper 147 start - Context refreshed
[2019-07-31 23:29:58] INFO  springfox.documentation.spring.web.plugins.DocumentationPluginsBootstrapper 150 start - Found 1 custom documentation plugin(s)
[2019-07-31 23:29:58] INFO  springfox.documentation.spring.web.scanners.ApiListingReferenceScanner 41 scan - Scanning for api listing references
[2019-07-31 23:29:59] INFO  org.springframework.boot.web.embedded.tomcat.TomcatWebServer 206 start - Tomcat started on port(s): 8000 (http) with context path ''
[2019-07-31 23:29:59] INFO  org.springframework.boot.StartupInfoLogger 59 logStarted - Started McApplication in 9.338 seconds (JVM running for 11.614)
[2019-07-31 23:30:10] INFO  org.apache.juli.logging.DirectJDKLog 180 log - Initializing Spring FrameworkServlet 'dispatcherServlet'
[2019-07-31 23:30:10] INFO  org.springframework.web.servlet.FrameworkServlet 494 initServletBean - FrameworkServlet 'dispatcherServlet': initialization started
[2019-07-31 23:30:10] INFO  org.springframework.web.servlet.FrameworkServlet 509 initServletBean - FrameworkServlet 'dispatcherServlet': initialization completed in 56 ms
[2019-07-31 23:33:23] INFO  McApplication 36 main - 接口服务启动
[2019-07-31 23:33:24] INFO  org.springframework.boot.StartupInfoLogger 50 logStarting - Starting McApplication on mr_zhe with PID 9108 (F:\homework\dev_project\fast\fast-spring-boot2\fast-boot\mc-mvc\target\classes started by zhaoz in F:\homework\dev_project\fast\fast-spring-boot2\fast-boot)
[2019-07-31 23:33:24] INFO  org.springframework.boot.SpringApplication 663 logStartupProfileInfo - The following profiles are active: dev
[2019-07-31 23:33:25] INFO  org.springframework.context.support.AbstractApplicationContext 590 prepareRefresh - Refreshing org.springframework.boot.web.servlet.context.AnnotationConfigServletWebServerApplicationContext@5f3b9c57: startup date [Wed Jul 31 23:33:25 CST 2019]; root of context hierarchy
[2019-07-31 23:33:27] INFO  org.springframework.boot.web.embedded.tomcat.TomcatWebServer 91 initialize - Tomcat initialized with port(s): 8000 (http)
[2019-07-31 23:33:27] INFO  org.apache.juli.logging.DirectJDKLog 180 log - Starting service [Tomcat]
[2019-07-31 23:33:27] INFO  org.apache.juli.logging.DirectJDKLog 180 log - Starting Servlet Engine: Apache Tomcat/8.5.29
[2019-07-31 23:33:27] INFO  org.apache.juli.logging.DirectJDKLog 180 log - The APR based Apache Tomcat Native library which allows optimal performance in production environments was not found on the java.library.path: [D:\dev\Java\jdk\bin;C:\WINDOWS\Sun\Java\bin;C:\WINDOWS\system32;C:\WINDOWS;C:\ProgramData\Oracle\Java\javapath;C:\Program Files (x86)\Intel\iCLS Client\;C:\Program Files\Intel\iCLS Client\;C:\Windows\system32;C:\Windows;C:\Windows\System32\Wbem;C:\Windows\System32\WindowsPowerShell\v1.0\;C:\Program Files (x86)\Intel\Intel(R) Management Engine Components\DAL;C:\Program Files\Intel\Intel(R) Management Engine Components\DAL;C:\Program Files (x86)\Intel\Intel(R) Management Engine Components\IPT;C:\Program Files\Intel\Intel(R) Management Engine Components\IPT;C:\Program Files (x86)\NVIDIA Corporation\PhysX\Common;C:\WINDOWS\system32;C:\WINDOWS;C:\WINDOWS\System32\Wbem;C:\WINDOWS\System32\WindowsPowerShell\v1.0\;D:\dev\mysql\bin;D:\dev\maven\bin;D:\开发\TortoiseSVN\bin;D:\开发\TortoiseGit\bin;D:\dev\web\nodejs\;C:\WINDOWS\System32\OpenSSH\;C:\Program Files\Intel\WiFi\bin\;C:\Program Files\Common Files\Intel\WirelessCommon\;D:\dev\Java\jdk\bin;;D:\开发\web\Microsoft VS Code\bin;C:\Users\zhaoz\AppData\Local\Microsoft\WindowsApps;C:\Users\zhaoz\AppData\Roaming\npm;.]
[2019-07-31 23:33:27] INFO  org.apache.juli.logging.DirectJDKLog 180 log - Initializing Spring embedded WebApplicationContext
[2019-07-31 23:33:27] INFO  org.springframework.boot.web.servlet.context.ServletWebServerApplicationContext 285 prepareWebApplicationContext - Root WebApplicationContext: initialization completed in 2826 ms
[2019-07-31 23:33:28] INFO  org.springframework.boot.web.servlet.ServletRegistrationBean 185 addRegistration - Servlet dispatcherServlet mapped to [/]
[2019-07-31 23:33:28] INFO  org.springframework.boot.web.servlet.ServletRegistrationBean 185 addRegistration - Servlet statViewServlet mapped to [/druid/*]
[2019-07-31 23:33:28] INFO  org.springframework.boot.web.servlet.AbstractFilterRegistrationBean 244 configure - Mapping filter: 'characterEncodingFilter' to: [/*]
[2019-07-31 23:33:28] INFO  org.springframework.boot.web.servlet.AbstractFilterRegistrationBean 244 configure - Mapping filter: 'hiddenHttpMethodFilter' to: [/*]
[2019-07-31 23:33:28] INFO  org.springframework.boot.web.servlet.AbstractFilterRegistrationBean 244 configure - Mapping filter: 'httpPutFormContentFilter' to: [/*]
[2019-07-31 23:33:28] INFO  org.springframework.boot.web.servlet.AbstractFilterRegistrationBean 244 configure - Mapping filter: 'requestContextFilter' to: [/*]
[2019-07-31 23:33:28] INFO  org.springframework.boot.web.servlet.AbstractFilterRegistrationBean 257 configure - Mapping filter: 'webStatFilter' to urls: [/*]
[2019-07-31 23:33:28] INFO  com.alibaba.druid.spring.boot.autoconfigure.DruidDataSourceAutoConfigure 56 dataSource - Init DruidDataSource
[2019-07-31 23:33:29] INFO  com.alibaba.druid.pool.DruidDataSource 928 init - {dataSource-1} inited
[2019-07-31 23:33:30] INFO  org.springframework.web.servlet.mvc.method.annotation.RequestMappingHandlerAdapter 574 initControllerAdviceCache - Looking for @ControllerAdvice: org.springframework.boot.web.servlet.context.AnnotationConfigServletWebServerApplicationContext@5f3b9c57: startup date [Wed Jul 31 23:33:25 CST 2019]; root of context hierarchy
[2019-07-31 23:33:30] INFO  org.springframework.web.servlet.handler.AbstractHandlerMethodMapping$MappingRegistry 547 register - Mapped "{[/region/provinces/getProvincesByCountryId],methods=[GET]}" onto public com.test.common.config.response.ResponseResult BaseProvincesController.getProvincesByCountryId(java.lang.String) throws java.lang.Exception
[2019-07-31 23:33:30] INFO  org.springframework.web.servlet.handler.AbstractHandlerMethodMapping$MappingRegistry 547 register - Mapped "{[/error]}" onto public org.springframework.http.ResponseEntity<java.util.Map<java.lang.String, java.lang.Object>> org.springframework.boot.autoconfigure.web.servlet.error.BasicErrorController.error(javax.servlet.http.HttpServletRequest)
[2019-07-31 23:33:30] INFO  org.springframework.web.servlet.handler.AbstractHandlerMethodMapping$MappingRegistry 547 register - Mapped "{[/error],produces=[text/html]}" onto public org.springframework.web.servlet.ModelAndView org.springframework.boot.autoconfigure.web.servlet.error.BasicErrorController.errorHtml(javax.servlet.http.HttpServletRequest,javax.servlet.http.HttpServletResponse)
[2019-07-31 23:33:30] INFO  org.springframework.web.servlet.handler.AbstractUrlHandlerMapping 373 registerHandler - Mapped URL path [/webjars/**] onto handler of type [class org.springframework.web.servlet.resource.ResourceHttpRequestHandler]
[2019-07-31 23:33:30] INFO  org.springframework.web.servlet.handler.AbstractUrlHandlerMapping 373 registerHandler - Mapped URL path [/**] onto handler of type [class org.springframework.web.servlet.resource.ResourceHttpRequestHandler]
[2019-07-31 23:33:30] INFO  org.springframework.ui.freemarker.SpringTemplateLoader 62 <init> - SpringTemplateLoader for FreeMarker: using resource loader [org.springframework.boot.web.servlet.context.AnnotationConfigServletWebServerApplicationContext@5f3b9c57: startup date [Wed Jul 31 23:33:25 CST 2019]; root of context hierarchy] and template loader path [classpath:/templates/]
[2019-07-31 23:33:30] INFO  org.springframework.web.servlet.view.freemarker.FreeMarkerConfigurer 131 postProcessTemplateLoaders - ClassTemplateLoader for Spring macros added to FreeMarker configuration
[2019-07-31 23:33:31] INFO  org.springframework.jmx.export.MBeanExporter 433 afterSingletonsInstantiated - Registering beans for JMX exposure on startup
[2019-07-31 23:33:31] INFO  org.springframework.jmx.export.MBeanExporter 895 autodetect - Bean with name 'statFilter' has been autodetected for JMX exposure
[2019-07-31 23:33:31] INFO  org.springframework.jmx.export.MBeanExporter 895 autodetect - Bean with name 'slf4jLogFilter' has been autodetected for JMX exposure
[2019-07-31 23:33:31] INFO  org.springframework.jmx.export.MBeanExporter 895 autodetect - Bean with name 'wallConfig' has been autodetected for JMX exposure
[2019-07-31 23:33:31] INFO  org.springframework.jmx.export.MBeanExporter 895 autodetect - Bean with name 'wallFilter' has been autodetected for JMX exposure
[2019-07-31 23:33:31] INFO  org.springframework.jmx.export.MBeanExporter 895 autodetect - Bean with name 'dataSource' has been autodetected for JMX exposure
[2019-07-31 23:33:31] INFO  org.springframework.jmx.export.MBeanExporter 668 registerBeanInstance - Located MBean 'slf4jLogFilter': registering with JMX server as MBean [com.alibaba.druid.filter.logging:name=slf4jLogFilter,type=Slf4jLogFilter]
[2019-07-31 23:33:31] INFO  org.springframework.jmx.export.MBeanExporter 668 registerBeanInstance - Located MBean 'wallConfig': registering with JMX server as MBean [com.alibaba.druid.wall:name=wallConfig,type=WallConfig]
[2019-07-31 23:33:31] INFO  org.springframework.jmx.export.MBeanExporter 668 registerBeanInstance - Located MBean 'wallFilter': registering with JMX server as MBean [com.alibaba.druid.wall:name=wallFilter,type=WallFilter]
[2019-07-31 23:33:31] INFO  org.springframework.jmx.export.MBeanExporter 668 registerBeanInstance - Located MBean 'dataSource': registering with JMX server as MBean [com.alibaba.druid.spring.boot.autoconfigure:name=dataSource,type=DruidDataSourceWrapper]
[2019-07-31 23:33:31] INFO  org.springframework.jmx.export.MBeanExporter 668 registerBeanInstance - Located MBean 'statFilter': registering with JMX server as MBean [com.alibaba.druid.filter.stat:name=statFilter,type=StatFilter]
[2019-07-31 23:33:31] INFO  org.springframework.boot.web.embedded.tomcat.TomcatWebServer 206 start - Tomcat started on port(s): 8000 (http) with context path ''
[2019-07-31 23:33:31] INFO  org.springframework.boot.StartupInfoLogger 59 logStarted - Started McApplication in 7.114 seconds (JVM running for 9.381)
[2019-07-31 23:33:37] INFO  org.apache.juli.logging.DirectJDKLog 180 log - Initializing Spring FrameworkServlet 'dispatcherServlet'
[2019-07-31 23:33:37] INFO  org.springframework.web.servlet.FrameworkServlet 494 initServletBean - FrameworkServlet 'dispatcherServlet': initialization started
[2019-07-31 23:33:37] INFO  org.springframework.web.servlet.FrameworkServlet 509 initServletBean - FrameworkServlet 'dispatcherServlet': initialization completed in 54 ms
[2019-07-31 23:36:23] INFO  com.test.McApplication 36 main - 接口服务启动
[2019-07-31 23:36:24] INFO  org.springframework.boot.StartupInfoLogger 50 logStarting - Starting McApplication on mr_zhe with PID 6196 (F:\homework\dev_project\fast\fast-spring-boot2\fast-boot\mc-mvc\target\classes started by zhaoz in F:\homework\dev_project\fast\fast-spring-boot2\fast-boot)
[2019-07-31 23:36:24] INFO  org.springframework.boot.SpringApplication 663 logStartupProfileInfo - The following profiles are active: dev
[2019-07-31 23:36:24] INFO  org.springframework.context.support.AbstractApplicationContext 590 prepareRefresh - Refreshing org.springframework.boot.web.servlet.context.AnnotationConfigServletWebServerApplicationContext@2cf23c81: startup date [Wed Jul 31 23:36:24 CST 2019]; root of context hierarchy
[2019-07-31 23:36:27] INFO  org.springframework.context.support.PostProcessorRegistrationDelegate$BeanPostProcessorChecker 328 postProcessAfterInitialization - Bean 'org.springframework.transaction.annotation.ProxyTransactionManagementConfiguration' of type [org.springframework.transaction.annotation.ProxyTransactionManagementConfiguration$$EnhancerBySpringCGLIB$$4febeca0] is not eligible for getting processed by all BeanPostProcessors (for example: not eligible for auto-proxying)
[2019-07-31 23:36:27] INFO  org.springframework.context.support.PostProcessorRegistrationDelegate$BeanPostProcessorChecker 328 postProcessAfterInitialization - Bean 'org.springframework.cache.annotation.ProxyCachingConfiguration' of type [org.springframework.cache.annotation.ProxyCachingConfiguration$$EnhancerBySpringCGLIB$$98fe22be] is not eligible for getting processed by all BeanPostProcessors (for example: not eligible for auto-proxying)
[2019-07-31 23:36:27] INFO  org.springframework.context.support.PostProcessorRegistrationDelegate$BeanPostProcessorChecker 328 postProcessAfterInitialization - Bean 'org.springframework.boot.autoconfigure.cache.CacheAutoConfiguration' of type [org.springframework.boot.autoconfigure.cache.CacheAutoConfiguration$$EnhancerBySpringCGLIB$$8d71e762] is not eligible for getting processed by all BeanPostProcessors (for example: not eligible for auto-proxying)
[2019-07-31 23:36:27] INFO  org.springframework.context.support.PostProcessorRegistrationDelegate$BeanPostProcessorChecker 328 postProcessAfterInitialization - Bean 'org.springframework.boot.context.properties.ConversionServiceDeducer$Factory' of type [org.springframework.boot.context.properties.ConversionServiceDeducer$Factory] is not eligible for getting processed by all BeanPostProcessors (for example: not eligible for auto-proxying)
[2019-07-31 23:36:27] INFO  org.springframework.context.support.PostProcessorRegistrationDelegate$BeanPostProcessorChecker 328 postProcessAfterInitialization - Bean 'spring.cache-org.springframework.boot.autoconfigure.cache.CacheProperties' of type [org.springframework.boot.autoconfigure.cache.CacheProperties] is not eligible for getting processed by all BeanPostProcessors (for example: not eligible for auto-proxying)
[2019-07-31 23:36:27] INFO  org.springframework.context.support.PostProcessorRegistrationDelegate$BeanPostProcessorChecker 328 postProcessAfterInitialization - Bean 'cacheManagerCustomizers' of type [org.springframework.boot.autoconfigure.cache.CacheManagerCustomizers] is not eligible for getting processed by all BeanPostProcessors (for example: not eligible for auto-proxying)
[2019-07-31 23:36:27] INFO  org.springframework.context.support.PostProcessorRegistrationDelegate$BeanPostProcessorChecker 328 postProcessAfterInitialization - Bean 'org.springframework.boot.autoconfigure.cache.CaffeineCacheConfiguration' of type [org.springframework.boot.autoconfigure.cache.CaffeineCacheConfiguration$$EnhancerBySpringCGLIB$$bf3880aa] is not eligible for getting processed by all BeanPostProcessors (for example: not eligible for auto-proxying)
[2019-07-31 23:36:27] INFO  org.springframework.context.support.PostProcessorRegistrationDelegate$BeanPostProcessorChecker 328 postProcessAfterInitialization - Bean 'cacheManager' of type [org.springframework.cache.caffeine.CaffeineCacheManager] is not eligible for getting processed by all BeanPostProcessors (for example: not eligible for auto-proxying)
[2019-07-31 23:36:27] INFO  org.springframework.context.support.PostProcessorRegistrationDelegate$BeanPostProcessorChecker 328 postProcessAfterInitialization - Bean 'cacheAutoConfigurationValidator' of type [org.springframework.boot.autoconfigure.cache.CacheAutoConfiguration$CacheManagerValidator] is not eligible for getting processed by all BeanPostProcessors (for example: not eligible for auto-proxying)
[2019-07-31 23:36:28] INFO  org.springframework.boot.web.embedded.tomcat.TomcatWebServer 91 initialize - Tomcat initialized with port(s): 8000 (http)
[2019-07-31 23:36:28] INFO  org.apache.juli.logging.DirectJDKLog 180 log - Starting service [Tomcat]
[2019-07-31 23:36:28] INFO  org.apache.juli.logging.DirectJDKLog 180 log - Starting Servlet Engine: Apache Tomcat/8.5.29
[2019-07-31 23:36:28] INFO  org.apache.juli.logging.DirectJDKLog 180 log - The APR based Apache Tomcat Native library which allows optimal performance in production environments was not found on the java.library.path: [D:\dev\Java\jdk\bin;C:\WINDOWS\Sun\Java\bin;C:\WINDOWS\system32;C:\WINDOWS;C:\ProgramData\Oracle\Java\javapath;C:\Program Files (x86)\Intel\iCLS Client\;C:\Program Files\Intel\iCLS Client\;C:\Windows\system32;C:\Windows;C:\Windows\System32\Wbem;C:\Windows\System32\WindowsPowerShell\v1.0\;C:\Program Files (x86)\Intel\Intel(R) Management Engine Components\DAL;C:\Program Files\Intel\Intel(R) Management Engine Components\DAL;C:\Program Files (x86)\Intel\Intel(R) Management Engine Components\IPT;C:\Program Files\Intel\Intel(R) Management Engine Components\IPT;C:\Program Files (x86)\NVIDIA Corporation\PhysX\Common;C:\WINDOWS\system32;C:\WINDOWS;C:\WINDOWS\System32\Wbem;C:\WINDOWS\System32\WindowsPowerShell\v1.0\;D:\dev\mysql\bin;D:\dev\maven\bin;D:\开发\TortoiseSVN\bin;D:\开发\TortoiseGit\bin;D:\dev\web\nodejs\;C:\WINDOWS\System32\OpenSSH\;C:\Program Files\Intel\WiFi\bin\;C:\Program Files\Common Files\Intel\WirelessCommon\;D:\dev\Java\jdk\bin;;D:\开发\web\Microsoft VS Code\bin;C:\Users\zhaoz\AppData\Local\Microsoft\WindowsApps;C:\Users\zhaoz\AppData\Roaming\npm;.]
[2019-07-31 23:36:28] INFO  org.apache.juli.logging.DirectJDKLog 180 log - Initializing Spring embedded WebApplicationContext
[2019-07-31 23:36:28] INFO  org.springframework.boot.web.servlet.context.ServletWebServerApplicationContext 285 prepareWebApplicationContext - Root WebApplicationContext: initialization completed in 4267 ms
[2019-07-31 23:36:29] INFO  org.springframework.boot.web.servlet.ServletRegistrationBean 185 addRegistration - Servlet statViewServlet mapped to [/druid/*]
[2019-07-31 23:36:29] INFO  org.springframework.boot.web.servlet.ServletRegistrationBean 185 addRegistration - Servlet dispatcherServlet mapped to [/]
[2019-07-31 23:36:29] INFO  org.springframework.boot.web.servlet.ServletRegistrationBean 185 addRegistration - Servlet statViewServlet mapped to [/druid/*]
[2019-07-31 23:36:29] INFO  org.springframework.boot.web.servlet.DynamicRegistrationBean 111 register - Servlet statViewServlet was not registered (possibly already registered?)
[2019-07-31 23:36:29] INFO  org.springframework.boot.web.servlet.AbstractFilterRegistrationBean 244 configure - Mapping filter: 'characterEncodingFilter' to: [/*]
[2019-07-31 23:36:29] INFO  org.springframework.boot.web.servlet.AbstractFilterRegistrationBean 244 configure - Mapping filter: 'hiddenHttpMethodFilter' to: [/*]
[2019-07-31 23:36:29] INFO  org.springframework.boot.web.servlet.AbstractFilterRegistrationBean 244 configure - Mapping filter: 'httpPutFormContentFilter' to: [/*]
[2019-07-31 23:36:29] INFO  org.springframework.boot.web.servlet.AbstractFilterRegistrationBean 244 configure - Mapping filter: 'requestContextFilter' to: [/*]
[2019-07-31 23:36:29] INFO  org.springframework.boot.web.servlet.AbstractFilterRegistrationBean 257 configure - Mapping filter: 'webStatFilter' to urls: [/*]
[2019-07-31 23:36:29] INFO  org.springframework.boot.web.servlet.DynamicRegistrationBean 111 register - Filter webStatFilter was not registered (possibly already registered?)
[2019-07-31 23:36:29] INFO  com.alibaba.druid.spring.boot.autoconfigure.DruidDataSourceAutoConfigure 56 dataSource - Init DruidDataSource
[2019-07-31 23:36:30] INFO  com.alibaba.druid.pool.DruidDataSource 928 init - {dataSource-1} inited
[2019-07-31 23:36:31] INFO  org.springframework.web.servlet.handler.AbstractHandlerMethodMapping$MappingRegistry 547 register - Mapped "{[/hello/login],methods=[GET]}" onto public com.test.common.config.response.ResponseResult com.test.common.controller.HelloController.login() throws java.lang.Exception
[2019-07-31 23:36:31] INFO  org.springframework.web.servlet.handler.AbstractHandlerMethodMapping$MappingRegistry 547 register - Mapped "{[/login/in],methods=[POST]}" onto public com.test.common.config.response.ResponseResult com.test.common.controller.LoginController.in(java.lang.String,java.lang.String)
[2019-07-31 23:36:31] INFO  org.springframework.web.servlet.handler.AbstractHandlerMethodMapping$MappingRegistry 547 register - Mapped "{[/region/provinces/getProvincesByCountryId],methods=[GET]}" onto public com.test.common.config.response.ResponseResult com.test.region.controller.BaseProvincesController.getProvincesByCountryId(java.lang.String) throws java.lang.Exception
[2019-07-31 23:36:31] INFO  org.springframework.web.servlet.handler.AbstractHandlerMethodMapping$MappingRegistry 547 register - Mapped "{[/swagger-resources/configuration/security]}" onto public org.springframework.http.ResponseEntity<springfox.documentation.swagger.web.SecurityConfiguration> springfox.documentation.swagger.web.ApiResourceController.securityConfiguration()
[2019-07-31 23:36:31] INFO  org.springframework.web.servlet.handler.AbstractHandlerMethodMapping$MappingRegistry 547 register - Mapped "{[/swagger-resources]}" onto public org.springframework.http.ResponseEntity<java.util.List<springfox.documentation.swagger.web.SwaggerResource>> springfox.documentation.swagger.web.ApiResourceController.swaggerResources()
[2019-07-31 23:36:31] INFO  org.springframework.web.servlet.handler.AbstractHandlerMethodMapping$MappingRegistry 547 register - Mapped "{[/swagger-resources/configuration/ui]}" onto public org.springframework.http.ResponseEntity<springfox.documentation.swagger.web.UiConfiguration> springfox.documentation.swagger.web.ApiResourceController.uiConfiguration()
[2019-07-31 23:36:31] INFO  org.springframework.web.servlet.handler.AbstractHandlerMethodMapping$MappingRegistry 547 register - Mapped "{[/error]}" onto public org.springframework.http.ResponseEntity<java.util.Map<java.lang.String, java.lang.Object>> org.springframework.boot.autoconfigure.web.servlet.error.BasicErrorController.error(javax.servlet.http.HttpServletRequest)
[2019-07-31 23:36:31] INFO  org.springframework.web.servlet.handler.AbstractHandlerMethodMapping$MappingRegistry 547 register - Mapped "{[/error],produces=[text/html]}" onto public org.springframework.web.servlet.ModelAndView org.springframework.boot.autoconfigure.web.servlet.error.BasicErrorController.errorHtml(javax.servlet.http.HttpServletRequest,javax.servlet.http.HttpServletResponse)
[2019-07-31 23:36:32] INFO  springfox.documentation.spring.web.PropertySourcedRequestMappingHandlerMapping 69 initHandlerMethods - Mapped URL path [/v2/api-docs] onto method [public org.springframework.http.ResponseEntity<springfox.documentation.spring.web.json.Json> springfox.documentation.swagger2.web.Swagger2Controller.getDocumentation(java.lang.String,javax.servlet.http.HttpServletRequest)]
[2019-07-31 23:36:32] INFO  org.springframework.web.servlet.mvc.method.annotation.RequestMappingHandlerAdapter 574 initControllerAdviceCache - Looking for @ControllerAdvice: org.springframework.boot.web.servlet.context.AnnotationConfigServletWebServerApplicationContext@2cf23c81: startup date [Wed Jul 31 23:36:24 CST 2019]; root of context hierarchy
[2019-07-31 23:36:32] INFO  org.springframework.web.servlet.handler.AbstractUrlHandlerMapping 373 registerHandler - Mapped URL path [/webjars/**] onto handler of type [class org.springframework.web.servlet.resource.ResourceHttpRequestHandler]
[2019-07-31 23:36:32] INFO  org.springframework.web.servlet.handler.AbstractUrlHandlerMapping 373 registerHandler - Mapped URL path [/**] onto handler of type [class org.springframework.web.servlet.resource.ResourceHttpRequestHandler]
[2019-07-31 23:36:32] INFO  org.springframework.web.servlet.handler.AbstractUrlHandlerMapping 373 registerHandler - Mapped URL path [/doc.html] onto handler of type [class org.springframework.web.servlet.resource.ResourceHttpRequestHandler]
[2019-07-31 23:36:32] INFO  org.springframework.web.servlet.mvc.method.annotation.ExceptionHandlerExceptionResolver 288 initExceptionHandlerAdviceCache - Detected @ExceptionHandler methods in myExceptionUtil
[2019-07-31 23:36:32] INFO  org.springframework.ui.freemarker.SpringTemplateLoader 62 <init> - SpringTemplateLoader for FreeMarker: using resource loader [org.springframework.boot.web.servlet.context.AnnotationConfigServletWebServerApplicationContext@2cf23c81: startup date [Wed Jul 31 23:36:24 CST 2019]; root of context hierarchy] and template loader path [classpath:/templates/]
[2019-07-31 23:36:32] INFO  org.springframework.web.servlet.view.freemarker.FreeMarkerConfigurer 131 postProcessTemplateLoaders - ClassTemplateLoader for Spring macros added to FreeMarker configuration
[2019-07-31 23:36:33] INFO  org.springframework.jmx.export.MBeanExporter 433 afterSingletonsInstantiated - Registering beans for JMX exposure on startup
[2019-07-31 23:36:33] INFO  org.springframework.jmx.export.MBeanExporter 895 autodetect - Bean with name 'statFilter' has been autodetected for JMX exposure
[2019-07-31 23:36:33] INFO  org.springframework.jmx.export.MBeanExporter 895 autodetect - Bean with name 'slf4jLogFilter' has been autodetected for JMX exposure
[2019-07-31 23:36:33] INFO  org.springframework.jmx.export.MBeanExporter 895 autodetect - Bean with name 'wallConfig' has been autodetected for JMX exposure
[2019-07-31 23:36:33] INFO  org.springframework.jmx.export.MBeanExporter 895 autodetect - Bean with name 'wallFilter' has been autodetected for JMX exposure
[2019-07-31 23:36:33] INFO  org.springframework.jmx.export.MBeanExporter 895 autodetect - Bean with name 'dataSource' has been autodetected for JMX exposure
[2019-07-31 23:36:33] INFO  org.springframework.jmx.export.MBeanExporter 668 registerBeanInstance - Located MBean 'slf4jLogFilter': registering with JMX server as MBean [com.alibaba.druid.filter.logging:name=slf4jLogFilter,type=Slf4jLogFilter]
[2019-07-31 23:36:33] INFO  org.springframework.jmx.export.MBeanExporter 668 registerBeanInstance - Located MBean 'wallConfig': registering with JMX server as MBean [com.alibaba.druid.wall:name=wallConfig,type=WallConfig]
[2019-07-31 23:36:33] INFO  org.springframework.jmx.export.MBeanExporter 668 registerBeanInstance - Located MBean 'wallFilter': registering with JMX server as MBean [com.alibaba.druid.wall:name=wallFilter,type=WallFilter]
[2019-07-31 23:36:33] INFO  org.springframework.jmx.export.MBeanExporter 668 registerBeanInstance - Located MBean 'dataSource': registering with JMX server as MBean [com.alibaba.druid.spring.boot.autoconfigure:name=dataSource,type=DruidDataSourceWrapper]
[2019-07-31 23:36:33] INFO  org.springframework.jmx.export.MBeanExporter 668 registerBeanInstance - Located MBean 'statFilter': registering with JMX server as MBean [com.alibaba.druid.filter.stat:name=statFilter,type=StatFilter]
[2019-07-31 23:36:33] INFO  org.springframework.context.support.DefaultLifecycleProcessor$LifecycleGroup 351 start - Starting beans in phase 2147483647
[2019-07-31 23:36:33] INFO  springfox.documentation.spring.web.plugins.DocumentationPluginsBootstrapper 147 start - Context refreshed
[2019-07-31 23:36:33] INFO  springfox.documentation.spring.web.plugins.DocumentationPluginsBootstrapper 150 start - Found 1 custom documentation plugin(s)
[2019-07-31 23:36:33] INFO  springfox.documentation.spring.web.scanners.ApiListingReferenceScanner 41 scan - Scanning for api listing references
[2019-07-31 23:36:33] INFO  org.springframework.boot.web.embedded.tomcat.TomcatWebServer 206 start - Tomcat started on port(s): 8000 (http) with context path ''
[2019-07-31 23:36:33] INFO  org.springframework.boot.StartupInfoLogger 59 logStarted - Started McApplication in 9.976 seconds (JVM running for 11.976)
[2019-07-31 23:36:40] INFO  org.apache.juli.logging.DirectJDKLog 180 log - Initializing Spring FrameworkServlet 'dispatcherServlet'
[2019-07-31 23:36:40] INFO  org.springframework.web.servlet.FrameworkServlet 494 initServletBean - FrameworkServlet 'dispatcherServlet': initialization started
[2019-07-31 23:36:40] INFO  org.springframework.web.servlet.FrameworkServlet 509 initServletBean - FrameworkServlet 'dispatcherServlet': initialization completed in 41 ms
[2019-07-31 23:38:00] INFO  com.test.common.config.Aspect.LogAspect 112 handleLog - 方法:getProvincesByCountryId开始,任务编号为:3c98b26f30eb8bf88f94a170b954c904456f192cbc00e7d85854466321440da3,开始时间为2019-07-31 23:38:00,参数为{"0":""},请求主机ip为127.0.0.1,方法功能简介:测试AOP打印日志
[2019-07-31 23:38:00] INFO  com.test.common.config.Aspect.LogAspect 129 handleLog - 方法:getProvincesByCountryId结束,任务编号为:3c98b26f30eb8bf88f94a170b954c904456f192cbc00e7d85854466321440da3,结束时间为2019-07-31 23:38:00总耗时610毫秒,返回参数为{"code":1,"data":[],"msg":"success"},请求主机ip为127.0.0.1,方法功能简介:测试AOP打印日志
[2019-07-31 23:38:07] INFO  com.test.common.config.Aspect.LogAspect 112 handleLog - 方法:getProvincesByCountryId开始,任务编号为:6078bdb50f1aab2b2cb499e94362a391a2d25d20395656d971a4774ba2213ce5,开始时间为2019-07-31 23:38:07,参数为{"1":""},请求主机ip为127.0.0.1,方法功能简介:测试AOP打印日志
[2019-07-31 23:38:07] INFO  com.test.common.config.Aspect.LogAspect 129 handleLog - 方法:getProvincesByCountryId结束,任务编号为:6078bdb50f1aab2b2cb499e94362a391a2d25d20395656d971a4774ba2213ce5,结束时间为2019-07-31 23:38:07总耗时14毫秒,返回参数为{"code":1,"data":[],"msg":"success"},请求主机ip为127.0.0.1,方法功能简介:测试AOP打印日志
[2019-07-31 23:38:22] INFO  com.test.common.config.Aspect.LogAspect 112 handleLog - 方法:getProvincesByCountryId开始,任务编号为:93e9cef86b37409a35842c171097a1c55c3c4aa4952f003ba7142a226fb02fa0,开始时间为2019-07-31 23:38:22,参数为{"1":"","countryId":"0"},请求主机ip为127.0.0.1,方法功能简介:测试AOP打印日志
[2019-07-31 23:38:22] INFO  com.test.common.config.Aspect.LogAspect 129 handleLog - 方法:getProvincesByCountryId结束,任务编号为:93e9cef86b37409a35842c171097a1c55c3c4aa4952f003ba7142a226fb02fa0,结束时间为2019-07-31 23:38:22总耗时21毫秒,返回参数为{"code":1,"data":[{"countryId":0,"province":"北京市","provinceId":110000},{"countryId":0,"province":"天津市","provinceId":120000},{"countryId":0,"province":"河北省","provinceId":130000},{"countryId":0,"province":"山西省","provinceId":140000},{"countryId":0,"province":"内蒙古自治区","provinceId":150000},{"countryId":0,"province":"辽宁省","provinceId":210000},{"countryId":0,"province":"吉林省","provinceId":220000},{"countryId":0,"province":"黑龙江省","provinceId":230000},{"countryId":0,"province":"上海市","provinceId":310000},{"countryId":0,"province":"江苏省","provinceId":320000},{"countryId":0,"province":"浙江省","provinceId":330000},{"countryId":0,"province":"安徽省","provinceId":340000},{"countryId":0,"province":"福建省","provinceId":350000},{"countryId":0,"province":"江西省","provinceId":360000},{"countryId":0,"province":"山东省","provinceId":370000},{"countryId":0,"province":"河南省","provinceId":410000},{"countryId":0,"province":"湖北省","provinceId":420000},{"countryId":0,"province":"湖南省","provinceId":430000},{"countryId":0,"province":"广东省","provinceId":440000},{"countryId":0,"province":"广西壮族自治区","provinceId":450000},{"countryId":0,"province":"海南省","provinceId":460000},{"countryId":0,"province":"重庆市","provinceId":500000},{"countryId":0,"province":"四川省","provinceId":510000},{"countryId":0,"province":"贵州省","provinceId":520000},{"countryId":0,"province":"云南省","provinceId":530000},{"countryId":0,"province":"西藏自治区","provinceId":540000},{"countryId":0,"province":"陕西省","provinceId":610000},{"countryId":0,"province":"甘肃省","provinceId":620000},{"countryId":0,"province":"青海省","provinceId":630000},{"countryId":0,"province":"宁夏回族自治区","provinceId":640000},{"countryId":0,"province":"新疆维吾尔自治区","provinceId":650000},{"countryId":0,"province":"台湾省","provinceId":710000},{"countryId":0,"province":"香港特别行政区","provinceId":810000},{"countryId":0,"province":"澳门特别行政区","provinceId":820000}],"msg":"success"},请求主机ip为127.0.0.1,方法功能简介:测试AOP打印日志
